-------------------------------------------------------------------------------
Test set: IocTest
-------------------------------------------------------------------------------
Tests run: 3, Failures: 0, Errors: 3, Skipped: 0, Time elapsed: 0.154 s <<< FAILURE! - in IocTest
staticFactoryTest  Time elapsed: 0.144 s  <<< ERROR!
org.springframework.beans.factory.BeanDefinitionStoreException: IOException parsing XML document from class path resource [applicationContext.xml]; nested exception is java.io.FileNotFoundException: class path resource [applicationContext.xml] cannot be opened because it does not exist
	at IocTest.staticFactoryTest(IocTest.java:16)
Caused by: java.io.FileNotFoundException: class path resource [applicationContext.xml] cannot be opened because it does not exist
	at IocTest.staticFactoryTest(IocTest.java:16)

FactoryTest  Time elapsed: 0.001 s  <<< ERROR!
org.springframework.beans.factory.BeanDefinitionStoreException: IOException parsing XML document from class path resource [applicationContext.xml]; nested exception is java.io.FileNotFoundException: class path resource [applicationContext.xml] cannot be opened because it does not exist
	at IocTest.FactoryTest(IocTest.java:23)
Caused by: java.io.FileNotFoundException: class path resource [applicationContext.xml] cannot be opened because it does not exist
	at IocTest.FactoryTest(IocTest.java:23)

iocTest  Time elapsed: 0.001 s  <<< ERROR!
org.springframework.beans.factory.BeanDefinitionStoreException: IOException parsing XML document from class path resource [applicationContext.xml]; nested exception is java.io.FileNotFoundException: class path resource [applicationContext.xml] cannot be opened because it does not exist
	at IocTest.iocTest(IocTest.java:9)
Caused by: java.io.FileNotFoundException: class path resource [applicationContext.xml] cannot be opened because it does not exist
	at IocTest.iocTest(IocTest.java:9)

